2014-06-29 14:37:32 > WARNING > ##Constant _ROOT_ already defined##出现在文件##/web/simple_master/src/Simple/Application/Web/WebRequest.php##的第##50##行,错误码为:##8##
2014-06-29 14:37:32 > WARNING > ##Constant _APP_ already defined##出现在文件##/web/simple_master/src/Simple/Application/Web/WebRequest.php##的第##51##行,错误码为:##8##
2014-06-29 14:37:32 > WARNING > ##Constant _GROUP_ already defined##出现在文件##/web/simple_master/src/Simple/Application/Web/WebRequest.php##的第##52##行,错误码为:##8##
2014-06-29 14:37:32 > WARNING > ##Constant _MODULE_ already defined##出现在文件##/web/simple_master/src/Simple/Application/Web/WebRequest.php##的第##53##行,错误码为:##8##
2014-06-29 14:37:32 > WARNING > ##Constant _ACTION_ already defined##出现在文件##/web/simple_master/src/Simple/Application/Web/WebRequest.php##的第##54##行,错误码为:##8##
2014-06-29 14:37:32 > WARNING > ##Constant _TIME_ already defined##出现在文件##/web/simple_master/src/Simple/Application/Web/WebRequest.php##的第##55##行,错误码为:##8##
2014-06-29 14:39:01 > WARNING > ##Constant _ROOT_ already defined##出现在文件##/web/simple_master/src/Simple/Application/Web/WebRequest.php##的第##51##行,错误码为:##8##
2014-06-29 14:39:01 > WARNING > ##Constant _APP_ already defined##出现在文件##/web/simple_master/src/Simple/Application/Web/WebRequest.php##的第##52##行,错误码为:##8##
2014-06-29 14:39:01 > WARNING > ##Constant _GROUP_ already defined##出现在文件##/web/simple_master/src/Simple/Application/Web/WebRequest.php##的第##53##行,错误码为:##8##
2014-06-29 14:39:01 > WARNING > ##Constant _MODULE_ already defined##出现在文件##/web/simple_master/src/Simple/Application/Web/WebRequest.php##的第##54##行,错误码为:##8##
2014-06-29 14:39:01 > WARNING > ##Constant _ACTION_ already defined##出现在文件##/web/simple_master/src/Simple/Application/Web/WebRequest.php##的第##55##行,错误码为:##8##
2014-06-29 14:39:01 > WARNING > ##Constant _TIME_ already defined##出现在文件##/web/simple_master/src/Simple/Application/Web/WebRequest.php##的第##56##行,错误码为:##8##
2014-06-29 14:39:10 > WARNING > ##Constant _ROOT_ already defined##出现在文件##/web/simple_master/src/Simple/Application/Web/WebRequest.php##的第##51##行,错误码为:##8##
2014-06-29 14:39:10 > WARNING > ##Constant _APP_ already defined##出现在文件##/web/simple_master/src/Simple/Application/Web/WebRequest.php##的第##52##行,错误码为:##8##
2014-06-29 14:39:10 > WARNING > ##Constant _GROUP_ already defined##出现在文件##/web/simple_master/src/Simple/Application/Web/WebRequest.php##的第##53##行,错误码为:##8##
2014-06-29 14:39:10 > WARNING > ##Constant _MODULE_ already defined##出现在文件##/web/simple_master/src/Simple/Application/Web/WebRequest.php##的第##54##行,错误码为:##8##
2014-06-29 14:39:10 > WARNING > ##Constant _ACTION_ already defined##出现在文件##/web/simple_master/src/Simple/Application/Web/WebRequest.php##的第##55##行,错误码为:##8##
2014-06-29 14:39:10 > WARNING > ##Constant _TIME_ already defined##出现在文件##/web/simple_master/src/Simple/Application/Web/WebRequest.php##的第##56##行,错误码为:##8##
2014-06-29 14:41:45 > WARNING > ##Constant _ROOT_ already defined##出现在文件##/web/simple_master/src/Simple/Application/Web/WebRequest.php##的第##51##行,错误码为:##8##
2014-06-29 14:41:45 > WARNING > ##Constant _APP_ already defined##出现在文件##/web/simple_master/src/Simple/Application/Web/WebRequest.php##的第##52##行,错误码为:##8##
2014-06-29 14:41:45 > WARNING > ##Constant _GROUP_ already defined##出现在文件##/web/simple_master/src/Simple/Application/Web/WebRequest.php##的第##53##行,错误码为:##8##
2014-06-29 14:41:45 > WARNING > ##Constant _MODULE_ already defined##出现在文件##/web/simple_master/src/Simple/Application/Web/WebRequest.php##的第##54##行,错误码为:##8##
2014-06-29 14:41:45 > WARNING > ##Constant _ACTION_ already defined##出现在文件##/web/simple_master/src/Simple/Application/Web/WebRequest.php##的第##55##行,错误码为:##8##
2014-06-29 14:41:45 > WARNING > ##Constant _TIME_ already defined##出现在文件##/web/simple_master/src/Simple/Application/Web/WebRequest.php##的第##56##行,错误码为:##8##
